2024-06-22 01:31:36,103 - main - INFO - APP STARTED AT : 2024-06-22 01:31:36Z
2024-06-22 01:32:30,377 - main - INFO - HEALTH CHECKUP AT : 2024-06-22 01:32:30Z
2024-06-22 01:33:01,994 - main - INFO - Feature Importance Requested at: 2024-06-22 01:33:01Z for the model model-xgboost-06-06-2024-v1.0.0
2024-06-22 01:33:02,031 - main - INFO - Feature Importance RESPONED AT : 2024-06-22 01:33:01Z WITH {'distance_from_home': 26.0828800201416, 'distance_from_last_transaction': 10.646113395690918, 'ratio_to_median_purchase_price': 115.94739532470703, 'repeat_retailer': 173.77972412109375, 'used_chip': 122.8675765991211, 'used_pin_number': 213.621826171875, 'online_order': 659.9972534179688} FOR REQUEST RECIEVED AT : 2024-06-22 01:33:01Z
2024-06-22 01:35:35,592 - main - INFO - PREDICTION REQUEST RECIEVED AT : 2024-06-22 01:35:35Z
2024-06-22 01:35:35,596 - main - INFO - Received payload: distance_from_home=2.131956, distance_from_last_transaction=56.372401, ratio_to_median_purchase_price=6.358667, repeat_retailer=1, used_chip=0, used_pin_number=0, online_order=1
2024-06-22 01:35:35,638 - main - INFO - PREDICTION RESPONED AT : 2024-06-22 01:35:35Z WITH True FOR REQUEST RECIEVED AT : 2024-06-22 01:35:35Z
2024-06-22 01:56:59,882 - main - INFO - HEALTH CHECKUP AT : 2024-06-22 01:56:59Z
2024-06-22 01:57:02,873 - main - INFO - Feature Importance Requested at: 2024-06-22 01:57:02Z for the model model-xgboost-06-06-2024-v1.0.0
2024-06-22 01:57:02,887 - main - INFO - Feature Importance RESPONED AT : 2024-06-22 01:57:02Z WITH {'distance_from_home': 26.0828800201416, 'distance_from_last_transaction': 10.646113395690918, 'ratio_to_median_purchase_price': 115.94739532470703, 'repeat_retailer': 173.77972412109375, 'used_chip': 122.8675765991211, 'used_pin_number': 213.621826171875, 'online_order': 659.9972534179688} FOR REQUEST RECIEVED AT : 2024-06-22 01:57:02Z
2024-06-22 02:05:32,686 - main - INFO - APP SHUTDOWN AT : 2024-06-22 02:05:32Z
2024-06-22 02:40:45,860 - main - INFO - APP STARTED AT : 2024-06-22 02:40:45Z
2024-06-22 02:41:01,847 - main - INFO - HEALTH CHECKUP AT : 2024-06-22 02:41:01Z
2024-06-22 02:41:10,235 - main - INFO - HEALTH CHECKUP AT : 2024-06-22 02:41:10Z
2024-06-22 02:51:12,356 - main - INFO - APP STARTED AT : 2024-06-22 02:51:12Z
2024-06-22 02:51:18,889 - main - INFO - HEALTH CHECKUP AT : 2024-06-22 02:51:18Z
2024-06-22 02:52:15,767 - main - INFO - BATCH PREDICTION REQUEST RECIEVED AT : 2024-06-22 02:52:15Z
2024-06-22 02:52:17,643 - main - INFO - BATCH PREDICTION REQUEST RECIEVED AT : 2024-06-22 02:52:17Z
2024-06-22 02:53:00,377 - main - INFO - APP SHUTDOWN AT : 2024-06-22 02:53:00Z
2024-06-22 02:53:09,116 - main - INFO - APP STARTED AT : 2024-06-22 02:53:09Z
2024-06-22 02:53:14,802 - main - INFO - BATCH PREDICTION REQUEST RECIEVED AT : 2024-06-22 02:53:14Z
2024-06-22 02:53:57,256 - main - INFO - APP SHUTDOWN AT : 2024-06-22 02:53:57Z
2024-06-22 02:56:25,646 - main - INFO - APP STARTED AT : 2024-06-22 02:56:25Z
2024-06-22 02:56:34,198 - main - INFO - HEALTH CHECKUP AT : 2024-06-22 02:56:34Z
2024-06-22 02:58:14,436 - main - INFO - APP SHUTDOWN AT : 2024-06-22 02:58:14Z
2024-06-22 02:58:20,320 - main - INFO - APP STARTED AT : 2024-06-22 02:58:20Z
2024-06-22 02:58:24,336 - main - INFO - HEALTH CHECKUP AT : 2024-06-22 02:58:24Z
2024-06-22 02:58:47,718 - main - INFO - APP SHUTDOWN AT : 2024-06-22 02:58:47Z
2024-06-22 02:59:40,268 - main - INFO - APP STARTED AT : 2024-06-22 02:59:40Z
2024-06-22 02:59:50,049 - main - INFO - BATCH PREDICTION REQUEST RECIEVED AT : 2024-06-22 02:59:50Z
2024-06-22 03:00:04,151 - main - INFO - APP SHUTDOWN AT : 2024-06-22 03:00:04Z
2024-06-22 03:09:28,490 - main - INFO - APP STARTED AT : 2024-06-22 03:09:28Z
2024-06-22 03:09:36,215 - main - INFO - BATCH PREDICTION REQUEST RECIEVED AT : 2024-06-22 03:09:36Z
2024-06-22 03:09:37,086 - main - INFO - BATCH PREDICTION REQUEST RECIEVED AT : 2024-06-22 03:09:37Z
2024-06-22 03:09:37,855 - main - INFO - BATCH PREDICTION REQUEST RECIEVED AT : 2024-06-22 03:09:37Z
2024-06-22 03:10:01,921 - main - INFO - APP SHUTDOWN AT : 2024-06-22 03:10:01Z
2024-06-22 03:10:19,229 - main - INFO - APP STARTED AT : 2024-06-22 03:10:19Z
2024-06-22 03:10:47,331 - main - INFO - BATCH PREDICTION REQUEST RECIEVED AT : 2024-06-22 03:10:47Z
2024-06-22 03:10:47,350 - main - INFO - BATCH PREDICTION RESPONDED AT : 2024-06-22 03:10:47Z FOR REQUEST RECEIVED AT : 2024-06-22 03:10:47Z
2024-06-22 03:10:59,258 - main - INFO - APP SHUTDOWN AT : 2024-06-22 03:10:59Z
2024-06-22 03:11:19,051 - main - INFO - APP STARTED AT : 2024-06-22 03:11:19Z
2024-06-22 03:11:46,643 - main - INFO - BATCH PREDICTION REQUEST RECIEVED AT : 2024-06-22 03:11:46Z
2024-06-22 03:11:46,666 - main - INFO - BATCH PREDICTION RESPONDED AT : 2024-06-22 03:11:46Z FOR REQUEST RECEIVED AT : 2024-06-22 03:11:46Z
2024-06-22 03:14:22,877 - main - INFO - APP STARTED AT : 2024-06-22 03:14:22Z
2024-06-22 03:14:42,122 - main - INFO - APP SHUTDOWN AT : 2024-06-22 03:14:42Z
2024-06-22 03:14:44,617 - main - INFO - APP STARTED AT : 2024-06-22 03:14:44Z
2024-06-22 03:14:57,780 - main - INFO - HEALTH CHECKUP AT : 2024-06-22 03:14:57Z
2024-06-22 03:15:06,168 - main - INFO - BATCH PREDICTION REQUEST RECIEVED AT : 2024-06-22 03:15:06Z
2024-06-22 03:15:06,193 - main - INFO - BATCH PREDICTION RESPONDED AT : 2024-06-22 03:15:06Z FOR REQUEST RECEIVED AT : 2024-06-22 03:15:06Z
2024-06-22 03:15:58,610 - main - INFO - BATCH PREDICTION REQUEST RECIEVED AT : 2024-06-22 03:15:58Z
2024-06-22 03:15:58,631 - main - INFO - BATCH PREDICTION RESPONDED AT : 2024-06-22 03:15:58Z FOR REQUEST RECEIVED AT : 2024-06-22 03:15:58Z
2024-06-22 03:17:01,823 - main - INFO - APP SHUTDOWN AT : 2024-06-22 03:17:01Z
2024-06-22 03:17:20,117 - main - INFO - APP STARTED AT : 2024-06-22 03:17:20Z
2024-06-22 03:17:49,484 - main - INFO - BATCH PREDICTION REQUEST RECIEVED AT : 2024-06-22 03:17:49Z WITH PAYLOAD instances=[TransactionIn(distance_from_home=2.131956, distance_from_last_transaction=56.372401, ratio_to_median_purchase_price=6.358667, repeat_retailer=1, used_chip=0, used_pin_number=0, online_order=1), TransactionIn(distance_from_home=2.131956, distance_from_last_transaction=56.372401, ratio_to_median_purchase_price=6.358667, repeat_retailer=1, used_chip=0, used_pin_number=0, online_order=1), TransactionIn(distance_from_home=0.0, distance_from_last_transaction=0.0, ratio_to_median_purchase_price=0.0, repeat_retailer=0, used_chip=0, used_pin_number=0, online_order=0)]
2024-06-22 03:17:49,506 - main - INFO - BATCH PREDICTION RESPONDED AT : 2024-06-22 03:17:49Z FOR REQUEST RECEIVED AT : 2024-06-22 03:17:49Z WITH RESPONSE [True, True, False]
2024-06-22 03:18:11,549 - main - INFO - APP SHUTDOWN AT : 2024-06-22 03:18:11Z
